\BOOKMARK [1][-]{Doc-Start}{\376\377\0001\000.\000\040\000D\000i\000s\000t\000r\000i\000b\000u\000t\000i\000o\000n\000\040\000R\000e\000f\000e\000r\000e\000n\000c\000e}{}% 1
\BOOKMARK [2][-]{section*.1}{\376\377\000B\000i\000n\000o\000m\000i\000a\000l\000\050\000n\000,\000\040\000p\000\051}{Doc-Start}% 2
\BOOKMARK [2][-]{section*.1}{\376\377\000P\000o\000i\000s\000s\000o\000n\000\050\000\051}{Doc-Start}% 3
\BOOKMARK [2][-]{section*.1}{\376\377\000E\000x\000p\000o\000n\000e\000n\000t\000i\000a\000l\000\050\000\051}{Doc-Start}% 4
\BOOKMARK [2][-]{section*.1}{\376\377\000G\000a\000m\000m\000a\000\050\000,\000\040\000\051\000\040\000\050\000S\000h\000a\000p\000e\000\040\000,\000\040\000S\000c\000a\000l\000e\000\040\000\051}{Doc-Start}% 5
\BOOKMARK [2][-]{section*.1}{\376\377\000N\000o\000r\000m\000a\000l\000\050\000,\000\040\0002\000\051}{Doc-Start}% 6
\BOOKMARK [2][-]{section*.1}{\376\377\000B\000e\000t\000a\000\050\000,\000\040\000\051}{Doc-Start}% 7
\BOOKMARK [2][-]{section*.1}{\376\377\000U\000n\000i\000f\000o\000r\000m\000\050\000a\000,\000\040\000b\000\051}{Doc-Start}% 8
\BOOKMARK [2][-]{section*.1}{\376\377\000G\000e\000o\000m\000e\000t\000r\000i\000c\000\050\000p\000\051}{Doc-Start}% 9
\BOOKMARK [2][-]{section*.1}{\376\377\000S\000p\000e\000c\000i\000a\000l\000\040\000C\000a\000s\000e\000s\000\040\000\046\000\040\000R\000e\000l\000a\000t\000i\000o\000n\000s\000h\000i\000p\000s}{Doc-Start}% 10
\BOOKMARK [1][-]{section*.1}{\376\377\0002\000.\000\040\000C\000o\000v\000a\000r\000i\000a\000n\000c\000e\000\040\000\046\000\040\000C\000o\000r\000r\000e\000l\000a\000t\000i\000o\000n}{}% 11
\BOOKMARK [2][-]{section*.2}{\376\377\000I\000n\000d\000e\000p\000e\000n\000d\000e\000n\000c\000e\000\040\000P\000r\000o\000o\000f}{section*.1}% 12
\BOOKMARK [2][-]{section*.2}{\376\377\000P\000r\000o\000p\000e\000r\000t\000i\000e\000s\000\040\000\046\000\040\000D\000e\000r\000i\000v\000a\000t\000i\000o\000n\000s}{section*.1}% 13
\BOOKMARK [2][-]{section*.2}{\376\377\000V\000a\000r\000i\000a\000n\000c\000e\000\040\000o\000f\000\040\000S\000u\000m\000s}{section*.1}% 14
\BOOKMARK [2][-]{section*.2}{\376\377\000C\000o\000r\000r\000e\000l\000a\000t\000i\000o\000n}{section*.1}% 15
\BOOKMARK [2][-]{section*.2}{\376\377\000E\000x\000a\000m\000p\000l\000e\000:\000\040\000J\000o\000i\000n\000t\000\040\000P\000D\000F}{section*.1}% 16
\BOOKMARK [2][-]{Item.6}{\376\377\000P\000r\000o\000o\000f\000:\000\040\000S\000a\000m\000p\000l\000e\000\040\000M\000e\000a\000n\000\040\000I\000n\000d\000e\000p\000.}{section*.1}% 17
\BOOKMARK [1][-]{Item.6}{\376\377\0003\000.\000\040\000P\000o\000i\000s\000s\000o\000n\000\040\000P\000r\000o\000c\000e\000s\000s}{}% 18
\BOOKMARK [2][-]{Item.8}{\376\377\0001\000.\000\040\000T\000i\000m\000e\000\040\000t\000o\000\040\000F\000i\000r\000s\000t\000\040\000A\000r\000r\000i\000v\000a\000l\000\040\000\050\000T\000\051}{Item.6}% 19
\BOOKMARK [2][-]{Item.8}{\376\377\0002\000.\000\040\000T\000i\000m\000e\000\040\000t\000o\000\040\000k\000-\000t\000h\000\040\000A\000r\000r\000i\000v\000a\000l\000\040\000\050\000T\000k\000\051}{Item.6}% 20
\BOOKMARK [1][-]{Item.8}{\376\377\0004\000.\000\040\000E\000x\000p\000o\000n\000e\000n\000t\000i\000a\000l\000\040\000F\000a\000m\000i\000l\000i\000e\000s}{}% 21
\BOOKMARK [2][-]{section*.3}{\376\377\000E\000x\000a\000m\000p\000l\000e\000:\000\040\000B\000i\000n\000o\000m\000i\000a\000l\000\050\000n\000,\000\040\000p\000\051}{Item.8}% 22
\BOOKMARK [2][-]{section*.3}{\376\377\000T\000h\000e\000o\000r\000e\000m\000:\000\040\000M\000o\000m\000e\000n\000t\000s\000\040\000o\000f\000\040\000E\000x\000p\000\040\000F\000a\000m\000i\000l\000y}{Item.8}% 23
\BOOKMARK [1][-]{section*.3}{\376\377\0005\000.\000\040\000M\000o\000m\000e\000n\000t\000\040\000G\000e\000n\000e\000r\000a\000t\000i\000n\000g\000\040\000F\000u\000n\000c\000t\000i\000o\000n\000s}{}% 24
\BOOKMARK [2][-]{section*.4}{\376\377\000P\000r\000o\000p\000e\000r\000t\000i\000e\000s\000\040\000o\000f\000\040\000M\000G\000F\000s}{section*.3}% 25
\BOOKMARK [2][-]{section*.4}{\376\377\000A\000p\000p\000l\000i\000c\000a\000t\000i\000o\000n\000:\000\040\000S\000a\000m\000p\000l\000e\000\040\000M\000e\000a\000n}{section*.3}% 26
\BOOKMARK [1][-]{section*.4}{\376\377\0006\000.\000\040\000B\000e\000t\000a\000\040\000D\000e\000r\000i\000v\000a\000t\000i\000o\000n\000s}{}% 27
\BOOKMARK [2][-]{section*.5}{\376\377\000M\000o\000m\000e\000n\000t\000s\000\040\000D\000e\000r\000i\000v\000a\000t\000i\000o\000n\000\040\000\050\000E\000[\000X\000k\000]\000\051}{section*.4}% 28
\BOOKMARK [1][-]{section*.5}{\376\377\0007\000.\000\040\000J\000o\000i\000n\000t\000\040\000M\000G\000F\000s}{}% 29
\BOOKMARK [2][-]{section*.6}{\376\377\000M\000o\000m\000e\000n\000t\000s\000\040\000f\000r\000o\000m\000\040\000J\000o\000i\000n\000t\000\040\000M\000G\000F}{section*.5}% 30
\BOOKMARK [2][-]{Item.11}{\376\377\000L\000o\000g\000-\000M\000G\000F\000\040\000\050\000C\000u\000m\000u\000l\000a\000n\000t\000s\000\051\000\040\000\050\000t\000\051}{section*.5}% 31
\BOOKMARK [2][-]{Item.11}{\376\377\000M\000a\000r\000g\000i\000n\000a\000l\000s\000\040\000\046\000\040\000I\000n\000d\000e\000p\000e\000n\000d\000e\000n\000c\000e}{section*.5}% 32
\BOOKMARK [2][-]{Item.11}{\376\377\000E\000x\000a\000m\000p\000l\000e\000\040\0001\000:\000\040\000C\000o\000m\000p\000l\000e\000x\000\040\000M\000G\000F}{section*.5}% 33
\BOOKMARK [2][-]{Item.11}{\376\377\000E\000x\000a\000m\000p\000l\000e\000\040\0002\000:\000\040\000N\000o\000r\000m\000a\000l\000\040\000V\000e\000c\000t\000o\000r\000s}{section*.5}% 34
\BOOKMARK [1][-]{Item.11}{\376\377\0008\000.\000\040\000T\000r\000a\000n\000s\000f\000o\000r\000m\000a\000t\000i\000o\000n\000s\000\040\000\050\000J\000a\000c\000o\000b\000i\000a\000n\000\051}{}% 35
\BOOKMARK [2][-]{Item.15}{\376\377\000E\000x\000a\000m\000p\000l\000e\000:\000\040\000G\000a\000m\000m\000a\000\040\000S\000u\000m\000\040\000\046\000\040\000R\000a\000t\000i\000o}{Item.11}% 36
\BOOKMARK [1][-]{Item.15}{\376\377\0009\000.\000\040\000O\000r\000d\000e\000r\000\040\000S\000t\000a\000t\000i\000s\000t\000i\000c\000s}{}% 37
\BOOKMARK [2][-]{section*.7}{\376\377\000C\000D\000F\000\040\000a\000n\000d\000\040\000P\000D\000F\000\040\000o\000f\000\040\000X\000\050\000k\000\051}{Item.15}% 38
\BOOKMARK [2][-]{section*.7}{\376\377\000S\000p\000e\000c\000i\000a\000l\000\040\000C\000a\000s\000e\000s}{Item.15}% 39
\BOOKMARK [3][-]{section*.8}{\376\377\000M\000i\000n\000i\000m\000u\000m\000\040\000\050\000k\000=\0001\000\051}{section*.7}% 40
\BOOKMARK [3][-]{section*.8}{\376\377\000M\000a\000x\000i\000m\000u\000m\000\040\000\050\000k\000=\000n\000\051}{section*.7}% 41
\BOOKMARK [3][-]{section*.8}{\376\377\000M\000e\000d\000i\000a\000n\000\040\000\050\000k\000=\000n\000/\0002\000\040\000\051}{section*.7}% 42
\BOOKMARK [2][-]{section*.8}{\376\377\000J\000o\000i\000n\000t\000\040\000D\000i\000s\000t\000r\000i\000b\000u\000t\000i\000o\000n\000\040\000o\000f\000\040\000O\000r\000d\000e\000r\000\040\000S\000t\000a\000t\000i\000s\000t\000i\000c\000s}{Item.15}% 43
\BOOKMARK [2][-]{section*.8}{\376\377\000J\000o\000i\000n\000t\000\040\000P\000D\000F\000\040\000o\000f\000\040\000T\000w\000o\000\040\000O\000r\000d\000e\000r\000\040\000S\000t\000a\000t\000i\000s\000t\000i\000c\000s}{Item.15}% 44
\BOOKMARK [2][-]{section*.8}{\376\377\000E\000x\000a\000m\000p\000l\000e\000:\000\040\000U\000n\000i\000f\000o\000r\000m\000\050\0000\000,\0001\000\051}{Item.15}% 45
\BOOKMARK [1][-]{section*.8}{\376\377\0001\0000\000.\000\040\000C\000e\000n\000t\000r\000a\000l\000\040\000L\000i\000m\000i\000t\000\040\000T\000h\000e\000o\000r\000e\000m\000\040\000\050\000C\000L\000T\000\051}{}% 46
\BOOKMARK [2][-]{section*.9}{\376\377\000F\000o\000r\000m\000u\000l\000a\000s}{section*.8}% 47
\BOOKMARK [2][-]{section*.9}{\376\377\000A\000p\000p\000l\000i\000c\000a\000t\000i\000o\000n\000s}{section*.8}% 48
\BOOKMARK [2][-]{section*.9}{\376\377\000P\000r\000o\000o\000f\000\040\000o\000f\000\040\000C\000L\000T\000\040\000\050\000v\000i\000a\000\040\000M\000G\000F\000\051}{section*.8}% 49
\BOOKMARK [1][-]{section*.9}{\376\377\0001\0001\000.\000\040\000M\000u\000l\000t\000i\000v\000a\000r\000i\000a\000t\000e\000\040\000N\000o\000r\000m\000a\000l\000\040\000\050\000M\000V\000N\000\051}{}% 50
\BOOKMARK [2][-]{section*.10}{\376\377\000B\000i\000v\000a\000r\000i\000a\000t\000e\000\040\000C\000a\000s\000e\000\040\000\050\000n\000=\0002\000\051}{section*.9}% 51
\BOOKMARK [2][-]{section*.10}{\376\377\000M\000o\000m\000e\000n\000t\000\040\000G\000e\000n\000e\000r\000a\000t\000i\000n\000g\000\040\000F\000u\000n\000c\000t\000i\000o\000n}{section*.9}% 52
\BOOKMARK [2][-]{section*.10}{\376\377\000P\000r\000o\000p\000e\000r\000t\000i\000e\000s\000\040\000\046\000\040\000T\000h\000e\000o\000r\000e\000m\000s}{section*.9}% 53
\BOOKMARK [2][-]{section*.10}{\376\377\000C\000o\000n\000d\000i\000t\000i\000o\000n\000a\000l\000\040\000D\000i\000s\000t\000r\000i\000b\000u\000t\000i\000o\000n\000\040\000\050\000B\000i\000v\000a\000r\000i\000a\000t\000e\000\051}{section*.9}% 54
\BOOKMARK [2][-]{section*.10}{\376\377\000E\000x\000a\000m\000p\000l\000e\000\040\0002\000:\000\040\000A\000u\000t\000o\000r\000e\000g\000r\000e\000s\000s\000i\000v\000e\000\040\000P\000r\000o\000c\000e\000s\000s}{section*.9}% 55
\BOOKMARK [1][-]{section*.10}{\376\377\0001\0002\000.\000\040\000C\000o\000n\000c\000e\000n\000t\000r\000a\000t\000i\000o\000n\000\040\000I\000n\000e\000q\000u\000a\000l\000i\000t\000i\000e\000s\000\040\000\046\000\040\000S\000p\000e\000c\000i\000a\000l\000\040\000E\000x\000a\000m\000p\000l\000e\000s}{}% 56
\BOOKMARK [2][-]{section*.11}{\376\377\000C\000h\000e\000r\000n\000o\000f\000f\000\040\000B\000o\000u\000n\000d}{section*.10}% 57
\BOOKMARK [2][-]{section*.11}{\376\377\000P\000D\000F\000\040\000o\000f\000\040\000P\000r\000o\000d\000u\000c\000t\000\040\000o\000f\000\040\000i\000.\000i\000.\000d\000.\000\040\000U\000n\000i\000f\000o\000r\000m\000\050\0000\000,\0001\000\051\000\040\000R\000V\000s}{section*.10}% 58
\BOOKMARK [3][-]{section*.12}{\376\377\000S\000t\000e\000p\000\040\0001\000:\000\040\000D\000i\000s\000t\000r\000i\000b\000u\000t\000i\000o\000n\000\040\000o\000f\000\040\000-\000\050\000X\000i\000\051}{section*.11}% 59
\BOOKMARK [3][-]{section*.12}{\376\377\000S\000t\000e\000p\000\040\0002\000:\000\040\000C\000o\000n\000n\000e\000c\000t\000i\000o\000n\000\040\000v\000i\000a\000\040\000L\000o\000g\000\040\000T\000r\000a\000n\000s\000f\000o\000r\000m}{section*.11}% 60
\BOOKMARK [3][-]{section*.12}{\376\377\000S\000t\000e\000p\000\040\0003\000:\000\040\000T\000r\000a\000n\000s\000f\000o\000r\000m\000\040\000B\000a\000c\000k\000\040\000t\000o\000\040\000Q}{section*.11}% 61
